app/build/intermediates/manifest_merge_blame_file/debug/manifest-merger-blame-debug-report.txt
1<?xml version="1.0" encoding="utf-8"?>
2<manifest xmlns:android="http://schemas.android.com/apk/res/android"
3    xmlns:dist="http://schemas.android.com/apk/distribution"
4    package="com.noon.a7pets"
5    android:versionCode="1"
6    android:versionName="1.0" >
7
8    <uses-sdk
9        android:minSdkVersion="21"
9-->src\main\AndroidManifest.xml
10        android:targetSdkVersion="29" />
10-->src\main\AndroidManifest.xml
11
12    <dist:module dist:instant="true" />
12-->src\main\AndroidManifest.xml:6:5-40
12-->src\main\AndroidManifest.xml:6:18-37
13
14    <uses-permission android:name="android.permission.ACCESS_NETWORK_STATE" />
14-->src\main\AndroidManifest.xml:8:5-79
14-->src\main\AndroidManifest.xml:8:22-76
15    <uses-permission android:name="android.permission.INTERNET" />
15-->src\main\AndroidManifest.xml:9:5-67
15-->src\main\AndroidManifest.xml:9:22-64
16    <uses-permission android:name="android.permission.READ_EXTERNAL_STORAGE" />
16-->src\main\AndroidManifest.xml:10:5-80
16-->src\main\AndroidManifest.xml:10:22-77
17    <uses-permission android:name="android.permission.WRITE_EXTERNAL_STORAGE" />
17-->src\main\AndroidManifest.xml:11:5-81
17-->src\main\AndroidManifest.xml:11:22-78
18    <uses-permission android:name="android.permission.WAKE_LOCK" /> <!-- Required by older versions of Google Play services to create IID tokens -->
18-->[com.google.android.gms:play-services-measurement-api:17.2.1] AndroidManifest.xml:24:5-68
18-->[com.google.android.gms:play-services-measurement-api:17.2.1] AndroidManifest.xml:24:22-65
19    <uses-permission android:name="com.google.android.c2dm.permission.RECEIVE" />
19-->[com.google.firebase:firebase-iid:19.0.0] AndroidManifest.xml:26:5-82
19-->[com.google.firebase:firebase-iid:19.0.0] AndroidManifest.xml:26:22-79
20    <uses-permission android:name="com.google.android.finsky.permission.BIND_GET_INSTALL_REFERRER_SERVICE" />
20-->[com.google.android.gms:play-services-measurement:17.2.1] AndroidManifest.xml:26:5-110
20-->[com.google.android.gms:play-services-measurement:17.2.1] AndroidManifest.xml:26:22-107
21    <uses-permission android:name="android.permission.READ_LOGS" />
21-->[com.webianks.library:easy-feedback:1.0.5] AndroidManifest.xml:13:5-68
21-->[com.webianks.library:easy-feedback:1.0.5] AndroidManifest.xml:13:22-65
22
23    <application
23-->src\main\AndroidManifest.xml:13:5-92:19
24        android:allowBackup="true"
24-->src\main\AndroidManifest.xml:14:9-35
25        android:appComponentFactory="androidx.core.app.CoreComponentFactory"
25-->[androidx.core:core:1.1.0] AndroidManifest.xml:24:18-86
26        android:debuggable="true"
27        android:icon="@mipmap/logo"
27-->src\main\AndroidManifest.xml:15:9-36
28        android:label="@string/app_name"
28-->src\main\AndroidManifest.xml:16:9-41
29        android:roundIcon="@mipmap/logo"
29-->src\main\AndroidManifest.xml:17:9-41
30        android:supportsRtl="true"
30-->src\main\AndroidManifest.xml:18:9-35
31        android:testOnly="true"
32        android:theme="@style/AppTheme" >
32-->src\main\AndroidManifest.xml:19:9-40
33        <activity android:name="com.noon.a7pets.Activities.ClinicAppoinmentActivity" />
33-->src\main\AndroidManifest.xml:20:9-82
33-->src\main\AndroidManifest.xml:20:19-70
34        <activity android:name="com.noon.a7pets.Categories.ClinicReservationActivity" />
34-->src\main\AndroidManifest.xml:21:9-74
34-->src\main\AndroidManifest.xml:21:19-71
35        <activity android:name="com.noon.a7pets.Productscategory.OthersSuppliesActivity" />
35-->src\main\AndroidManifest.xml:22:9-77
35-->src\main\AndroidManifest.xml:22:19-74
36        <activity android:name="com.noon.a7pets.Productscategory.OthersFoodActivity" />
36-->src\main\AndroidManifest.xml:23:9-73
36-->src\main\AndroidManifest.xml:23:19-70
37        <activity android:name="com.noon.a7pets.Productscategory.FishSuppliesActivity" />
37-->src\main\AndroidManifest.xml:24:9-75
37-->src\main\AndroidManifest.xml:24:19-72
38        <activity android:name="com.noon.a7pets.Productscategory.FishFoodActivity" />
38-->src\main\AndroidManifest.xml:25:9-71
38-->src\main\AndroidManifest.xml:25:19-68
39        <activity android:name="com.noon.a7pets.Productscategory.BuyFishActivity" />
39-->src\main\AndroidManifest.xml:26:9-70
39-->src\main\AndroidManifest.xml:26:19-67
40        <activity android:name="com.noon.a7pets.Productscategory.DogSuppliesActivity" />
40-->src\main\AndroidManifest.xml:27:9-74
40-->src\main\AndroidManifest.xml:27:19-71
41        <activity android:name="com.noon.a7pets.Productscategory.DogsFoodActivity" />
41-->src\main\AndroidManifest.xml:28:9-71
41-->src\main\AndroidManifest.xml:28:19-68
42        <activity android:name="com.noon.a7pets.Productscategory.CatSuppliesActivity" />
42-->src\main\AndroidManifest.xml:29:9-74
42-->src\main\AndroidManifest.xml:29:19-71
43        <activity android:name="com.noon.a7pets.Productscategory.CatFoodActivity" />
43-->src\main\AndroidManifest.xml:30:9-70
43-->src\main\AndroidManifest.xml:30:19-67
44        <activity android:name="com.noon.a7pets.Productscategory.BirdSuppliesActivity" />
44-->src\main\AndroidManifest.xml:31:9-75
44-->src\main\AndroidManifest.xml:31:19-72
45        <activity android:name="com.noon.a7pets.Productscategory.BirdFoodActivity" />
45-->src\main\AndroidManifest.xml:32:9-71
45-->src\main\AndroidManifest.xml:32:19-68
46        <activity android:name="com.noon.a7pets.Productscategory.BuyBirdsActivity" />
46-->src\main\AndroidManifest.xml:33:9-71
46-->src\main\AndroidManifest.xml:33:19-68
47        <activity android:name="com.noon.a7pets.Categories.OthersCategoryActivity" />
47-->src\main\AndroidManifest.xml:34:9-71
47-->src\main\AndroidManifest.xml:34:19-68
48        <activity android:name="com.noon.a7pets.Categories.FishCategoryActivity" />
48-->src\main\AndroidManifest.xml:35:9-69
48-->src\main\AndroidManifest.xml:35:19-66
49        <activity android:name="com.noon.a7pets.Categories.DogsCategoryActivity" />
49-->src\main\AndroidManifest.xml:36:9-69
49-->src\main\AndroidManifest.xml:36:19-66
50        <activity android:name="com.noon.a7pets.Categories.CatsCategoryActivity" />
50-->src\main\AndroidManifest.xml:37:9-69
50-->src\main\AndroidManifest.xml:37:19-66
51        <activity android:name="com.noon.a7pets.Categories.BirdsCategoryActivity" />
51-->src\main\AndroidManifest.xml:38:9-70
51-->src\main\AndroidManifest.xml:38:19-67
52        <activity
52-->src\main\AndroidManifest.xml:39:9-41:59
53            android:name="com.noon.a7pets.OrderPlaced"
53-->src\main\AndroidManifest.xml:40:13-40
54            android:theme="@style/AppTheme.NoActionBar" />
54-->src\main\AndroidManifest.xml:41:13-56
55        <activity
55-->src\main\AndroidManifest.xml:42:9-44:59
56            android:name="com.noon.a7pets.Wishlist"
56-->src\main\AndroidManifest.xml:43:13-37
57            android:theme="@style/AppTheme.NoActionBar" />
57-->src\main\AndroidManifest.xml:44:13-56
58        <activity
58-->src\main\AndroidManifest.xml:45:9-47:59
59            android:name="com.noon.a7pets.Profile"
59-->src\main\AndroidManifest.xml:46:13-36
60            android:theme="@style/AppTheme.NoActionBar" />
60-->src\main\AndroidManifest.xml:47:13-56
61        <activity android:name="com.noon.a7pets.Register" />
61-->src\main\AndroidManifest.xml:48:9-46
61-->src\main\AndroidManifest.xml:48:19-43
62        <activity
62-->src\main\AndroidManifest.xml:49:9-51:59
63            android:name="com.noon.a7pets.IndividualProduct"
63-->src\main\AndroidManifest.xml:50:13-46
64            android:theme="@style/AppTheme.NoActionBar" />
64-->src\main\AndroidManifest.xml:51:13-56
65        <activity
65-->src\main\AndroidManifest.xml:52:9-54:59
66            android:name="com.noon.a7pets.OrderDetails"
66-->src\main\AndroidManifest.xml:53:13-41
67            android:theme="@style/AppTheme.NoActionBar" />
67-->src\main\AndroidManifest.xml:54:13-56
68        <activity
68-->src\main\AndroidManifest.xml:55:9-57:59
69            android:name="com.noon.a7pets.Cart"
69-->src\main\AndroidManifest.xml:56:13-33
70            android:theme="@style/AppTheme.NoActionBar" />
70-->src\main\AndroidManifest.xml:57:13-56
71        <activity
71-->src\main\AndroidManifest.xml:58:9-60:59
72            android:name="com.noon.a7pets.Productscategory.Dogs"
72-->src\main\AndroidManifest.xml:59:13-50
73            android:theme="@style/AppTheme.NoActionBar" />
73-->src\main\AndroidManifest.xml:60:13-56
74        <activity
74-->src\main\AndroidManifest.xml:61:9-63:59
75            android:name="com.noon.a7pets.LoginActivity"
75-->src\main\AndroidManifest.xml:62:13-42
76            android:theme="@style/AppTheme.NoActionBar" />
76-->src\main\AndroidManifest.xml:63:13-56
77        <activity
77-->src\main\AndroidManifest.xml:64:9-66:59
78            android:name="com.noon.a7pets.DogFood"
78-->src\main\AndroidManifest.xml:65:13-36
79            android:theme="@style/AppTheme.NoActionBar" />
79-->src\main\AndroidManifest.xml:66:13-56
80        <activity
80-->src\main\AndroidManifest.xml:67:9-69:59
81            android:name="com.noon.a7pets.Rgisteration.CompleteSignUpData"
81-->src\main\AndroidManifest.xml:68:13-60
82            android:theme="@style/AppTheme.NoActionBar" />
82-->src\main\AndroidManifest.xml:69:13-56
83        <activity
83-->src\main\AndroidManifest.xml:70:9-72:59
84            android:name="com.noon.a7pets.Rgisteration.SignUpActivity"
84-->src\main\AndroidManifest.xml:71:13-56
85            android:theme="@style/AppTheme.NoActionBar" />
85-->src\main\AndroidManifest.xml:72:13-56
86        <activity
86-->src\main\AndroidManifest.xml:73:9-75:59
87            android:name="com.noon.a7pets.Rgisteration.SignInActivity"
87-->src\main\AndroidManifest.xml:74:13-56
88            android:theme="@style/AppTheme.NoActionBar" />
88-->src\main\AndroidManifest.xml:75:13-56
89        <activity
89-->src\main\AndroidManifest.xml:76:9-85:20
90            android:name="com.noon.a7pets.SplashActivity"
90-->src\main\AndroidManifest.xml:77:13-43
91            android:screenOrientation="portrait"
91-->src\main\AndroidManifest.xml:78:13-49
92            android:theme="@style/AppTheme.NoActionBar" >
92-->src\main\AndroidManifest.xml:79:13-56
93            <intent-filter>
93-->src\main\AndroidManifest.xml:80:13-84:29
94                <action android:name="android.intent.action.MAIN" />
94-->src\main\AndroidManifest.xml:81:17-69
94-->src\main\AndroidManifest.xml:81:25-66
95
96                <category android:name="android.intent.category.LAUNCHER" />
96-->src\main\AndroidManifest.xml:83:17-77
96-->src\main\AndroidManifest.xml:83:27-74
97            </intent-filter>
98        </activity>
99        <activity
99-->src\main\AndroidManifest.xml:86:9-88:59
100            android:name="com.noon.a7pets.Rgisteration.WelcomeActivity"
100-->src\main\AndroidManifest.xml:87:13-57
101            android:theme="@style/AppTheme.NoActionBar" />
101-->src\main\AndroidManifest.xml:88:13-56
102        <activity
102-->src\main\AndroidManifest.xml:89:9-91:59
103            android:name="com.noon.a7pets.MainActivity"
103-->src\main\AndroidManifest.xml:90:13-41
104            android:theme="@style/AppTheme.NoActionBar" />
104-->src\main\AndroidManifest.xml:91:13-56
105        <activity
105-->[com.karumi:dexter:6.0.1] AndroidManifest.xml:27:9-29:72
106            android:name="com.karumi.dexter.DexterActivity"
106-->[com.karumi:dexter:6.0.1] AndroidManifest.xml:28:13-60
107            android:theme="@style/Dexter.Internal.Theme.Transparent" />
107-->[com.karumi:dexter:6.0.1] AndroidManifest.xml:29:13-69
108        <activity
108-->[com.google.firebase:firebase-auth:19.2.0] AndroidManifest.xml:24:9-31:50
109            android:name="com.google.firebase.auth.internal.FederatedSignInActivity"
109-->[com.google.firebase:firebase-auth:19.2.0] AndroidManifest.xml:25:13-85
110            android:excludeFromRecents="true"
110-->[com.google.firebase:firebase-auth:19.2.0] AndroidManifest.xml:26:13-46
111            android:exported="true"
111-->[com.google.firebase:firebase-auth:19.2.0] AndroidManifest.xml:27:13-36
112            android:launchMode="singleTask"
112-->[com.google.firebase:firebase-auth:19.2.0] AndroidManifest.xml:28:13-44
113            android:permission="com.google.firebase.auth.api.gms.permission.LAUNCH_FEDERATED_SIGN_IN"
113-->[com.google.firebase:firebase-auth:19.2.0] AndroidManifest.xml:29:13-102
114            android:theme="@android:style/Theme.Translucent.NoTitleBar" />
114-->[com.google.firebase:firebase-auth:19.2.0] AndroidManifest.xml:30:13-72
115
116        <service
116-->[com.google.firebase:firebase-auth:19.2.0] AndroidManifest.xml:33:9-39:19
117            android:name="com.google.firebase.components.ComponentDiscoveryService"
117-->[com.google.firebase:firebase-auth:19.2.0] AndroidManifest.xml:34:13-84
118            android:directBootAware="true"
118-->[com.google.firebase:firebase-common:19.3.0] AndroidManifest.xml:34:13-43
119            android:exported="false" >
119-->[com.google.firebase:firebase-auth:19.2.0] AndroidManifest.xml:35:13-37
120            <meta-data
120-->[com.google.firebase:firebase-auth:19.2.0] AndroidManifest.xml:36:13-38:85
121                android:name="com.google.firebase.components:com.google.firebase.auth.FirebaseAuthRegistrar"
121-->[com.google.firebase:firebase-auth:19.2.0] AndroidManifest.xml:37:17-109
122                android:value="com.google.firebase.components.ComponentRegistrar" />
122-->[com.google.firebase:firebase-auth:19.2.0] AndroidManifest.xml:38:17-82
123            <meta-data
123-->[com.google.firebase:firebase-firestore:21.3.1] AndroidManifest.xml:20:13-22:85
124                android:name="com.google.firebase.components:com.google.firebase.firestore.FirestoreRegistrar"
124-->[com.google.firebase:firebase-firestore:21.3.1] AndroidManifest.xml:21:17-111
125                android:value="com.google.firebase.components.ComponentRegistrar" />
125-->[com.google.firebase:firebase-firestore:21.3.1] AndroidManifest.xml:22:17-82
126            <meta-data
126-->[com.google.firebase:firebase-database:19.2.0] AndroidManifest.xml:32:13-34:85
127                android:name="com.google.firebase.components:com.google.firebase.database.DatabaseRegistrar"
127-->[com.google.firebase:firebase-database:19.2.0] AndroidManifest.xml:33:17-109
128                android:value="com.google.firebase.components.ComponentRegistrar" />
128-->[com.google.firebase:firebase-database:19.2.0] AndroidManifest.xml:34:17-82
129            <meta-data
129-->[com.google.firebase:firebase-storage:19.1.0] AndroidManifest.xml:33:13-35:85
130                android:name="com.google.firebase.components:com.google.firebase.storage.StorageRegistrar"
130-->[com.google.firebase:firebase-storage:19.1.0] AndroidManifest.xml:34:17-107
131                android:value="com.google.firebase.components.ComponentRegistrar" />
131-->[com.google.firebase:firebase-storage:19.1.0] AndroidManifest.xml:35:17-82
132            <meta-data
132-->[com.google.android.gms:play-services-measurement-api:17.2.1] AndroidManifest.xml:30:13-32:85
133                android:name="com.google.firebase.components:com.google.firebase.analytics.connector.internal.AnalyticsConnectorRegistrar"
133-->[com.google.android.gms:play-services-measurement-api:17.2.1] AndroidManifest.xml:31:17-139
134                android:value="com.google.firebase.components.ComponentRegistrar" />
134-->[com.google.android.gms:play-services-measurement-api:17.2.1] AndroidManifest.xml:32:17-82
135            <meta-data
135-->[com.google.firebase:firebase-iid:19.0.0] AndroidManifest.xml:32:13-34:85
136                android:name="com.google.firebase.components:com.google.firebase.iid.Registrar"
136-->[com.google.firebase:firebase-iid:19.0.0] AndroidManifest.xml:33:17-96
137                android:value="com.google.firebase.components.ComponentRegistrar" />
137-->[com.google.firebase:firebase-iid:19.0.0] AndroidManifest.xml:34:17-82
138        </service>
139
140        <activity
140-->[com.google.android.gms:play-services-auth:17.0.0] AndroidManifest.xml:23:9-27:75
141            android:name="com.google.android.gms.auth.api.signin.internal.SignInHubActivity"
141-->[com.google.android.gms:play-services-auth:17.0.0] AndroidManifest.xml:24:13-93
142            android:excludeFromRecents="true"
142-->[com.google.android.gms:play-services-auth:17.0.0] AndroidManifest.xml:25:13-46
143            android:exported="false"
143-->[com.google.android.gms:play-services-auth:17.0.0] AndroidManifest.xml:26:13-37
144            android:theme="@android:style/Theme.Translucent.NoTitleBar" />
144-->[com.google.android.gms:play-services-auth:17.0.0] AndroidManifest.xml:27:13-72
145        <!--
146            Service handling Google Sign-In user revocation. For apps that do not integrate with
147            Google Sign-In, this service will never be started.
148        -->
149        <service
149-->[com.google.android.gms:play-services-auth:17.0.0] AndroidManifest.xml:33:9-36:110
150            android:name="com.google.android.gms.auth.api.signin.RevocationBoundService"
150-->[com.google.android.gms:play-services-auth:17.0.0] AndroidManifest.xml:34:13-89
151            android:exported="true"
151-->[com.google.android.gms:play-services-auth:17.0.0] AndroidManifest.xml:35:13-36
152            android:permission="com.google.android.gms.auth.api.signin.permission.REVOCATION_NOTIFICATION" />
152-->[com.google.android.gms:play-services-auth:17.0.0] AndroidManifest.xml:36:13-107
153
154        <receiver
154-->[com.google.firebase:firebase-iid:19.0.0] AndroidManifest.xml:37:9-44:20
155            android:name="com.google.firebase.iid.FirebaseInstanceIdReceiver"
155-->[com.google.firebase:firebase-iid:19.0.0] AndroidManifest.xml:38:13-78
156            android:exported="true"
156-->[com.google.firebase:firebase-iid:19.0.0] AndroidManifest.xml:39:13-36
157            android:permission="com.google.android.c2dm.permission.SEND" >
157-->[com.google.firebase:firebase-iid:19.0.0] AndroidManifest.xml:40:13-73
158            <intent-filter>
158-->[com.google.firebase:firebase-iid:19.0.0] AndroidManifest.xml:41:13-43:29
159                <action android:name="com.google.android.c2dm.intent.RECEIVE" />
159-->[com.google.firebase:firebase-iid:19.0.0] AndroidManifest.xml:42:17-81
159-->[com.google.firebase:firebase-iid:19.0.0] AndroidManifest.xml:42:25-78
160            </intent-filter>
161        </receiver>
162
163        <activity
163-->[com.google.android.gms:play-services-base:17.1.0] AndroidManifest.xml:23:9-26:75
164            android:name="com.google.android.gms.common.api.GoogleApiActivity"
164-->[com.google.android.gms:play-services-base:17.1.0] AndroidManifest.xml:24:13-79
165            android:exported="false"
165-->[com.google.android.gms:play-services-base:17.1.0] AndroidManifest.xml:25:13-37
166            android:theme="@android:style/Theme.Translucent.NoTitleBar" />
166-->[com.google.android.gms:play-services-base:17.1.0] AndroidManifest.xml:26:13-72
167
168        <receiver
168-->[com.google.android.gms:play-services-measurement:17.2.1] AndroidManifest.xml:29:9-33:20
169            android:name="com.google.android.gms.measurement.AppMeasurementReceiver"
169-->[com.google.android.gms:play-services-measurement:17.2.1] AndroidManifest.xml:30:13-85
170            android:enabled="true"
170-->[com.google.android.gms:play-services-measurement:17.2.1] AndroidManifest.xml:31:13-35
171            android:exported="false" >
171-->[com.google.android.gms:play-services-measurement:17.2.1] AndroidManifest.xml:32:13-37
172        </receiver>
173        <receiver
173-->[com.google.android.gms:play-services-measurement:17.2.1] AndroidManifest.xml:34:9-42:20
174            android:name="com.google.android.gms.measurement.AppMeasurementInstallReferrerReceiver"
174-->[com.google.android.gms:play-services-measurement:17.2.1] AndroidManifest.xml:35:13-100
175            android:enabled="true"
175-->[com.google.android.gms:play-services-measurement:17.2.1] AndroidManifest.xml:36:13-35
176            android:exported="true"
176-->[com.google.android.gms:play-services-measurement:17.2.1] AndroidManifest.xml:37:13-36
177            android:permission="android.permission.INSTALL_PACKAGES" >
177-->[com.google.android.gms:play-services-measurement:17.2.1] AndroidManifest.xml:38:13-69
178            <intent-filter>
178-->[com.google.android.gms:play-services-measurement:17.2.1] AndroidManifest.xml:39:13-41:29
179                <action android:name="com.android.vending.INSTALL_REFERRER" />
179-->[com.google.android.gms:play-services-measurement:17.2.1] AndroidManifest.xml:40:17-79
179-->[com.google.android.gms:play-services-measurement:17.2.1] AndroidManifest.xml:40:25-76
180            </intent-filter>
181        </receiver>
182
183        <service
183-->[com.google.android.gms:play-services-measurement:17.2.1] AndroidManifest.xml:44:9-47:40
184            android:name="com.google.android.gms.measurement.AppMeasurementService"
184-->[com.google.android.gms:play-services-measurement:17.2.1] AndroidManifest.xml:45:13-84
185            android:enabled="true"
185-->[com.google.android.gms:play-services-measurement:17.2.1] AndroidManifest.xml:46:13-35
186            android:exported="false" />
186-->[com.google.android.gms:play-services-measurement:17.2.1] AndroidManifest.xml:47:13-37
187        <service
187-->[com.google.android.gms:play-services-measurement:17.2.1] AndroidManifest.xml:48:9-52:72
188            android:name="com.google.android.gms.measurement.AppMeasurementJobService"
188-->[com.google.android.gms:play-services-measurement:17.2.1] AndroidManifest.xml:49:13-87
189            android:enabled="true"
189-->[com.google.android.gms:play-services-measurement:17.2.1] AndroidManifest.xml:50:13-35
190            android:exported="false"
190-->[com.google.android.gms:play-services-measurement:17.2.1] AndroidManifest.xml:51:13-37
191            android:permission="android.permission.BIND_JOB_SERVICE" />
191-->[com.google.android.gms:play-services-measurement:17.2.1] AndroidManifest.xml:52:13-69
192
193        <provider
193-->[com.google.firebase:firebase-common:19.3.0] AndroidManifest.xml:26:9-30:39
194            android:name="com.google.firebase.provider.FirebaseInitProvider"
194-->[com.google.firebase:firebase-common:19.3.0] AndroidManifest.xml:27:13-77
195            android:authorities="com.noon.a7pets.firebaseinitprovider"
195-->[com.google.firebase:firebase-common:19.3.0] AndroidManifest.xml:28:13-72
196            android:exported="false"
196-->[com.google.firebase:firebase-common:19.3.0] AndroidManifest.xml:29:13-37
197            android:initOrder="100" />
197-->[com.google.firebase:firebase-common:19.3.0] AndroidManifest.xml:30:13-36
198
199        <meta-data
199-->[com.google.android.gms:play-services-basement:17.0.0] AndroidManifest.xml:23:9-25:69
200            android:name="com.google.android.gms.version"
200-->[com.google.android.gms:play-services-basement:17.0.0] AndroidManifest.xml:24:13-58
201            android:value="@integer/google_play_services_version" />
201-->[com.google.android.gms:play-services-basement:17.0.0] AndroidManifest.xml:25:13-66
202
203        <activity android:name="com.mikepenz.aboutlibraries.ui.LibsActivity" />
203-->[com.mikepenz:aboutlibraries:7.0.4] AndroidManifest.xml:12:9-80
203-->[com.mikepenz:aboutlibraries:7.0.4] AndroidManifest.xml:12:19-77
204        <activity
204-->[com.webianks.library:easy-feedback:1.0.5] AndroidManifest.xml:19:9-21:48
205            android:name="com.webianks.easy_feedback.FeedbackActivity"
205-->[com.webianks.library:easy-feedback:1.0.5] AndroidManifest.xml:20:13-71
206            android:label="@string/feedback" />
206-->[com.webianks.library:easy-feedback:1.0.5] AndroidManifest.xml:21:13-45
207
208        <provider
208-->[com.webianks.library:easy-feedback:1.0.5] AndroidManifest.xml:23:9-31:20
209            android:name="androidx.core.content.FileProvider"
209-->[com.webianks.library:easy-feedback:1.0.5] AndroidManifest.xml:24:13-62
210            android:authorities="com.noon.a7pets.provider"
210-->[com.webianks.library:easy-feedback:1.0.5] AndroidManifest.xml:25:13-60
211            android:exported="false"
211-->[com.webianks.library:easy-feedback:1.0.5] AndroidManifest.xml:26:13-37
212            android:grantUriPermissions="true" >
212-->[com.webianks.library:easy-feedback:1.0.5] AndroidManifest.xml:27:13-47
213            <meta-data
213-->[com.webianks.library:easy-feedback:1.0.5] AndroidManifest.xml:28:13-30:58
214                android:name="android.support.FILE_PROVIDER_PATHS"
214-->[com.webianks.library:easy-feedback:1.0.5] AndroidManifest.xml:29:17-67
215                android:resource="@xml/provider_paths" />
215-->[com.webianks.library:easy-feedback:1.0.5] AndroidManifest.xml:30:17-55
216        </provider>
217        <provider
217-->[androidx.lifecycle:lifecycle-process:2.0.0] AndroidManifest.xml:23:9-27:43
218            android:name="androidx.lifecycle.ProcessLifecycleOwnerInitializer"
218-->[androidx.lifecycle:lifecycle-process:2.0.0] AndroidManifest.xml:24:13-79
219            android:authorities="com.noon.a7pets.lifecycle-process"
219-->[androidx.lifecycle:lifecycle-process:2.0.0] AndroidManifest.xml:25:13-69
220            android:exported="false"
220-->[androidx.lifecycle:lifecycle-process:2.0.0] AndroidManifest.xml:26:13-37
221            android:multiprocess="true" />
221-->[androidx.lifecycle:lifecycle-process:2.0.0] AndroidManifest.xml:27:13-40
222    </application>
223
224</manifest>